<?xml version="1.0" encoding="UTF-8"?>
<!-- Generated by org.testng.reporters.JUnitReportReporter -->
<testsuite hostname="LAPTOP-D2VADI3R" failures="0" tests="1" name="com.qa.tests.SampleTest" time="2.336" errors="0" timestamp="2023-06-15T19:03:37 IST" skipped="0">
  <testcase classname="com.qa.tests.SampleTest" name="f" time="2.336"/>
  <system-out/>
</testsuite> <!-- com.qa.tests.SampleTest -->
